npx react-native init simple_demo
                                                          
               ######                ######               
             ###     ####        ####     ###             
            ##          ###    ###          ##            
            ##             ####             ##            
            ##             ####             ##            
            ##           ##    ##           ##            
            ##         ###      ###         ##            
             ##  ########################  ##             
          ######    ###            ###    ######          
      ###     ##    ##              ##    ##     ###      
   ###         ## ###      ####      ### ##         ###   
  ##           ####      ########      ####           ##  
 ##             ###     ##########     ###             ## 
  ##           ####      ########      ####           ##  
   ###         ## ###      ####      ### ##         ###   
      ###     ##    ##              ##    ##     ###      
          ######    ###            ###    ######          
             ##  ########################  ##             
            ##         ###      ###         ##            
            ##           ##    ##           ##            
            ##             ####             ##            
            ##             ####             ##            
            ##          ###    ###          ##            
             ###     ####        ####     ###             
               ######                ######               
                                                          

                  Welcome to React Native!                
                 Learn once, write anywhere               

✔ Downloading template
✔ Copying template
✔ Processing template
✔ Installing CocoaPods dependencies (this may take a few minutes)

  Run instructions for iOS:
    • cd "/Users/asterisk/Codes/rn/react-native-chat-sdk/examples/simple_demo" && npx react-native run-ios
    - or -
    • Open simple_demo/ios/simple_demo.xcworkspace in Xcode or run "xed -b ios"
    • Hit the Run button

  Run instructions for Android:
    • Have an Android emulator running (quickest way to get started), or a device connected.
    • cd "/Users/asterisk/Codes/rn/react-native-chat-sdk/examples/simple_demo" && npx react-native run-android

  Run instructions for Windows and macOS:
    • See https://aka.ms/ReactNative for the latest up-to-date instructions.